TN:
SF:babel.config.js
FNF:0
FNH:0
DA:1,4
LF:1
LH:1
BRF:0
BRH:0
end_of_record
TN:
SF:__tests__/index.js
FNF:0
FNH:0
DA:3,1
DA:5,1
DA:7,1
DA:9,1
DA:11,1
DA:13,1
DA:15,1
DA:17,1
DA:19,1
DA:21,1
DA:23,1
DA:25,1
LF:12
LH:12
BRF:0
BRH:0
end_of_record
TN:
SF:__tests__/integration/admin.test.js
FN:17,_interopRequireDefault
FN:19,_getRequireWildcardCache
FN:19,(anonymous_2)
FN:21,_interopRequireWildcard
FN:72,(anonymous_4)
FN:75,(anonymous_5)
FN:81,(anonymous_6)
FN:87,(anonymous_7)
FN:90,(anonymous_8)
FN:93,(anonymous_9)
FN:96,(anonymous_10)
FN:100,(anonymous_11)
FN:105,(anonymous_12)
FN:109,(anonymous_13)
FN:114,(anonymous_14)
FN:115,(anonymous_15)
FN:116,(anonymous_16)
FN:123,(anonymous_17)
FN:124,(anonymous_18)
FNF:19
FNH:18
FNDA:3,_interopRequireDefault
FNDA:1,_getRequireWildcardCache
FNDA:0,(anonymous_2)
FNDA:1,_interopRequireWildcard
FNDA:1,(anonymous_4)
FNDA:1,(anonymous_5)
FNDA:1,(anonymous_6)
FNDA:1,(anonymous_7)
FNDA:1,(anonymous_8)
FNDA:1,(anonymous_9)
FNDA:1,(anonymous_10)
FNDA:1,(anonymous_11)
FNDA:1,(anonymous_12)
FNDA:1,(anonymous_13)
FNDA:1,(anonymous_14)
FNDA:1,(anonymous_15)
FNDA:1,(anonymous_16)
FNDA:1,(anonymous_17)
FNDA:1,(anonymous_18)
DA:3,1
DA:5,1
DA:7,1
DA:9,1
DA:11,1
DA:13,1
DA:15,1
DA:17,3
DA:19,1
DA:21,11
DA:26,1
DA:28,1
DA:30,1
DA:46,1
DA:63,1
DA:72,1
DA:73,1
DA:74,1
DA:75,1
DA:76,1
DA:81,1
DA:82,1
DA:87,1
DA:88,1
DA:90,1
DA:91,1
DA:93,1
DA:94,1
DA:96,1
DA:97,1
DA:101,1
DA:102,1
DA:105,1
DA:106,1
DA:110,1
DA:111,1
DA:114,1
DA:115,1
DA:116,1
DA:117,1
DA:118,1
DA:119,1
DA:120,1
DA:123,1
DA:124,1
DA:125,1
DA:126,1
DA:127,1
DA:128,1
LF:49
LH:49
BRDA:17,0,0,1
BRDA:17,0,1,2
BRDA:17,1,0,3
BRDA:17,1,1,3
BRDA:19,2,0,0
BRDA:19,2,1,1
BRDA:21,3,0,0
BRDA:21,3,1,1
BRDA:21,4,0,1
BRDA:21,4,1,1
BRDA:21,5,0,0
BRDA:21,5,1,1
BRDA:21,6,0,1
BRDA:21,6,1,1
BRDA:21,6,2,0
BRDA:21,7,0,0
BRDA:21,7,1,1
BRDA:21,8,0,1
BRDA:21,8,1,1
BRDA:21,9,0,1
BRDA:21,9,1,1
BRDA:21,10,0,11
BRDA:21,10,1,0
BRDA:21,11,0,11
BRDA:21,11,1,0
BRDA:21,12,0,0
BRDA:21,12,1,11
BRDA:21,13,0,11
BRDA:21,13,1,11
BRDA:21,13,2,11
BRDA:21,14,0,1
BRDA:21,14,1,0
BRF:32
BRH:23
end_of_record
TN:
SF:__tests__/integration/auth.test.js
FN:17,_interopRequireDefault
FN:19,_getRequireWildcardCache
FN:19,(anonymous_2)
FN:21,_interopRequireWildcard
FN:30,(anonymous_4)
FN:48,(anonymous_5)
FN:52,(anonymous_6)
FN:55,(anonymous_7)
FN:59,(anonymous_8)
FN:60,(anonymous_9)
FN:64,(anonymous_10)
FN:70,(anonymous_11)
FN:74,(anonymous_12)
FN:80,(anonymous_13)
FN:84,(anonymous_14)
FN:91,(anonymous_15)
FN:92,(anonymous_16)
FN:93,(anonymous_17)
FNF:18
FNH:17
FNDA:3,_interopRequireDefault
FNDA:1,_getRequireWildcardCache
FNDA:0,(anonymous_2)
FNDA:1,_interopRequireWildcard
FNDA:1,(anonymous_4)
FNDA:1,(anonymous_5)
FNDA:1,(anonymous_6)
FNDA:1,(anonymous_7)
FNDA:1,(anonymous_8)
FNDA:1,(anonymous_9)
FNDA:1,(anonymous_10)
FNDA:1,(anonymous_11)
FNDA:1,(anonymous_12)
FNDA:1,(anonymous_13)
FNDA:1,(anonymous_14)
FNDA:1,(anonymous_15)
FNDA:1,(anonymous_16)
FNDA:1,(anonymous_17)
DA:3,1
DA:5,1
DA:7,1
DA:9,1
DA:11,1
DA:13,1
DA:15,1
DA:17,3
DA:19,1
DA:21,11
DA:26,1
DA:28,1
DA:30,1
DA:31,1
DA:48,1
DA:52,1
DA:53,1
DA:55,1
DA:59,1
DA:60,1
DA:61,1
DA:65,1
DA:66,1
DA:67,1
DA:70,1
DA:71,1
DA:75,1
DA:76,1
DA:77,1
DA:80,1
DA:81,1
DA:85,1
DA:86,1
DA:87,1
DA:91,1
DA:92,1
DA:93,1
DA:94,1
DA:95,1
DA:96,1
LF:40
LH:40
BRDA:17,0,0,1
BRDA:17,0,1,2
BRDA:17,1,0,3
BRDA:17,1,1,3
BRDA:19,2,0,0
BRDA:19,2,1,1
BRDA:21,3,0,0
BRDA:21,3,1,1
BRDA:21,4,0,1
BRDA:21,4,1,1
BRDA:21,5,0,0
BRDA:21,5,1,1
BRDA:21,6,0,1
BRDA:21,6,1,1
BRDA:21,6,2,0
BRDA:21,7,0,0
BRDA:21,7,1,1
BRDA:21,8,0,1
BRDA:21,8,1,1
BRDA:21,9,0,1
BRDA:21,9,1,1
BRDA:21,10,0,11
BRDA:21,10,1,0
BRDA:21,11,0,11
BRDA:21,11,1,0
BRDA:21,12,0,0
BRDA:21,12,1,11
BRDA:21,13,0,11
BRDA:21,13,1,11
BRDA:21,13,2,11
BRDA:21,14,0,1
BRDA:21,14,1,0
BRF:32
BRH:23
end_of_record
TN:
SF:__tests__/integration/consultant-profile-update.test.js
FN:17,_interopRequireDefault
FN:19,_getRequireWildcardCache
FN:19,(anonymous_2)
FN:21,_interopRequireWildcard
FN:59,(anonymous_4)
FN:61,(anonymous_5)
FN:66,(anonymous_6)
FN:71,(anonymous_7)
FN:76,(anonymous_8)
FN:79,(anonymous_9)
FN:82,(anonymous_10)
FN:86,(anonymous_11)
FN:91,(anonymous_12)
FN:92,(anonymous_13)
FN:93,(anonymous_14)
FN:100,(anonymous_15)
FN:101,(anonymous_16)
FN:107,(anonymous_17)
FN:108,(anonymous_18)
FN:117,(anonymous_19)
FN:118,(anonymous_20)
FN:126,(anonymous_21)
FN:127,(anonymous_22)
FNF:23
FNH:22
FNDA:3,_interopRequireDefault
FNDA:1,_getRequireWildcardCache
FNDA:0,(anonymous_2)
FNDA:1,_interopRequireWildcard
FNDA:1,(anonymous_4)
FNDA:1,(anonymous_5)
FNDA:1,(anonymous_6)
FNDA:1,(anonymous_7)
FNDA:1,(anonymous_8)
FNDA:1,(anonymous_9)
FNDA:1,(anonymous_10)
FNDA:1,(anonymous_11)
FNDA:1,(anonymous_12)
FNDA:1,(anonymous_13)
FNDA:1,(anonymous_14)
FNDA:1,(anonymous_15)
FNDA:1,(anonymous_16)
FNDA:1,(anonymous_17)
FNDA:1,(anonymous_18)
FNDA:1,(anonymous_19)
FNDA:1,(anonymous_20)
FNDA:1,(anonymous_21)
FNDA:1,(anonymous_22)
DA:3,1
DA:5,1
DA:7,1
DA:9,1
DA:11,1
DA:13,1
DA:15,1
DA:17,3
DA:19,1
DA:21,11
DA:25,1
DA:27,1
DA:29,1
DA:45,1
DA:59,1
DA:60,1
DA:61,1
DA:66,1
DA:71,1
DA:76,1
DA:77,1
DA:79,1
DA:80,1
DA:82,1
DA:83,1
DA:87,1
DA:88,1
DA:91,1
DA:92,1
DA:93,1
DA:94,1
DA:95,1
DA:96,1
DA:97,1
DA:100,1
DA:101,1
DA:102,1
DA:103,1
DA:104,1
DA:107,1
DA:108,1
DA:109,1
DA:110,1
DA:111,1
DA:112,1
DA:113,1
DA:114,1
DA:117,1
DA:118,1
DA:119,1
DA:120,1
DA:121,1
DA:122,1
DA:123,1
DA:126,1
DA:127,1
DA:128,1
DA:129,1
DA:130,1
DA:131,1
DA:132,1
LF:61
LH:61
BRDA:17,0,0,1
BRDA:17,0,1,2
BRDA:17,1,0,3
BRDA:17,1,1,3
BRDA:19,2,0,0
BRDA:19,2,1,1
BRDA:21,3,0,0
BRDA:21,3,1,1
BRDA:21,4,0,1
BRDA:21,4,1,1
BRDA:21,5,0,0
BRDA:21,5,1,1
BRDA:21,6,0,1
BRDA:21,6,1,1
BRDA:21,6,2,0
BRDA:21,7,0,0
BRDA:21,7,1,1
BRDA:21,8,0,1
BRDA:21,8,1,1
BRDA:21,9,0,1
BRDA:21,9,1,1
BRDA:21,10,0,11
BRDA:21,10,1,0
BRDA:21,11,0,11
BRDA:21,11,1,0
BRDA:21,12,0,0
BRDA:21,12,1,11
BRDA:21,13,0,11
BRDA:21,13,1,11
BRDA:21,13,2,11
BRDA:21,14,0,1
BRDA:21,14,1,0
BRF:32
BRH:23
end_of_record
TN:
SF:__tests__/integration/get-user-profile.test.js
FN:15,_interopRequireDefault
FN:17,_getRequireWildcardCache
FN:17,(anonymous_2)
FN:19,_interopRequireWildcard
FN:46,(anonymous_4)
FN:47,(anonymous_5)
FN:52,(anonymous_6)
FN:55,(anonymous_7)
FN:59,(anonymous_8)
FN:64,(anonymous_9)
FN:65,(anonymous_10)
FN:68,(anonymous_11)
FN:73,(anonymous_12)
FN:74,(anonymous_13)
FN:80,(anonymous_14)
FN:81,(anonymous_15)
FN:87,(anonymous_16)
FN:88,(anonymous_17)
FN:96,(anonymous_18)
FN:97,(anonymous_19)
FN:105,(anonymous_20)
FN:110,(anonymous_21)
FN:113,(anonymous_22)
FN:117,(anonymous_23)
FN:122,(anonymous_24)
FN:123,(anonymous_25)
FN:126,(anonymous_26)
FN:131,(anonymous_27)
FN:132,(anonymous_28)
FN:138,(anonymous_29)
FN:139,(anonymous_30)
FN:145,(anonymous_31)
FN:146,(anonymous_32)
FNF:33
FNH:32
FNDA:3,_interopRequireDefault
FNDA:1,_getRequireWildcardCache
FNDA:0,(anonymous_2)
FNDA:1,_interopRequireWildcard
FNDA:1,(anonymous_4)
FNDA:1,(anonymous_5)
FNDA:1,(anonymous_6)
FNDA:1,(anonymous_7)
FNDA:1,(anonymous_8)
FNDA:1,(anonymous_9)
FNDA:1,(anonymous_10)
FNDA:1,(anonymous_11)
FNDA:1,(anonymous_12)
FNDA:1,(anonymous_13)
FNDA:1,(anonymous_14)
FNDA:1,(anonymous_15)
FNDA:1,(anonymous_16)
FNDA:1,(anonymous_17)
FNDA:1,(anonymous_18)
FNDA:1,(anonymous_19)
FNDA:1,(anonymous_20)
FNDA:1,(anonymous_21)
FNDA:1,(anonymous_22)
FNDA:1,(anonymous_23)
FNDA:1,(anonymous_24)
FNDA:1,(anonymous_25)
FNDA:1,(anonymous_26)
FNDA:1,(anonymous_27)
FNDA:1,(anonymous_28)
FNDA:1,(anonymous_29)
FNDA:1,(anonymous_30)
FNDA:1,(anonymous_31)
FNDA:1,(anonymous_32)
DA:3,1
DA:5,1
DA:7,1
DA:9,1
DA:11,1
DA:13,1
DA:15,3
DA:17,1
DA:19,11
DA:24,1
DA:26,1
DA:28,1
DA:45,1
DA:46,1
DA:47,1
DA:52,1
DA:53,1
DA:55,1
DA:56,1
DA:60,1
DA:61,1
DA:64,1
DA:65,1
DA:66,1
DA:68,1
DA:69,1
DA:70,1
DA:73,1
DA:74,1
DA:75,1
DA:76,1
DA:77,1
DA:80,1
DA:81,1
DA:82,1
DA:83,1
DA:84,1
DA:87,1
DA:88,1
DA:89,1
DA:90,1
DA:91,1
DA:92,1
DA:93,1
DA:96,1
DA:97,1
DA:98,1
DA:99,1
DA:100,1
DA:104,1
DA:105,1
DA:110,1
DA:111,1
DA:113,1
DA:114,1
DA:118,1
DA:119,1
DA:122,1
DA:123,1
DA:124,1
DA:126,1
DA:127,1
DA:128,1
DA:131,1
DA:132,1
DA:133,1
DA:134,1
DA:135,1
DA:138,1
DA:139,1
DA:140,1
DA:141,1
DA:142,1
DA:145,1
DA:146,1
DA:147,1
DA:148,1
DA:149,1
LF:78
LH:78
BRDA:15,0,0,1
BRDA:15,0,1,2
BRDA:15,1,0,3
BRDA:15,1,1,3
BRDA:17,2,0,0
BRDA:17,2,1,1
BRDA:19,3,0,0
BRDA:19,3,1,1
BRDA:19,4,0,1
BRDA:19,4,1,1
BRDA:19,5,0,0
BRDA:19,5,1,1
BRDA:19,6,0,1
BRDA:19,6,1,1
BRDA:19,6,2,0
BRDA:19,7,0,0
BRDA:19,7,1,1
BRDA:19,8,0,1
BRDA:19,8,1,1
BRDA:19,9,0,1
BRDA:19,9,1,1
BRDA:19,10,0,11
BRDA:19,10,1,0
BRDA:19,11,0,11
BRDA:19,11,1,0
BRDA:19,12,0,0
BRDA:19,12,1,11
BRDA:19,13,0,11
BRDA:19,13,1,11
BRDA:19,13,2,11
BRDA:19,14,0,1
BRDA:19,14,1,0
BRF:32
BRH:23
end_of_record
TN:
SF:__tests__/integration/patient-profile-update.test.js
FN:17,_interopRequireDefault
FN:19,_getRequireWildcardCache
FN:19,(anonymous_2)
FN:21,_interopRequireWildcard
FN:57,(anonymous_4)
FN:59,(anonymous_5)
FN:64,(anonymous_6)
FN:69,(anonymous_7)
FN:74,(anonymous_8)
FN:77,(anonymous_9)
FN:80,(anonymous_10)
FN:84,(anonymous_11)
FN:91,(anonymous_12)
FN:92,(anonymous_13)
FN:96,(anonymous_14)
FN:103,(anonymous_15)
FN:104,(anonymous_16)
FN:110,(anonymous_17)
FN:111,(anonymous_18)
FN:119,(anonymous_19)
FN:120,(anonymous_20)
FN:128,(anonymous_21)
FN:129,(anonymous_22)
FNF:23
FNH:22
FNDA:3,_interopRequireDefault
FNDA:1,_getRequireWildcardCache
FNDA:0,(anonymous_2)
FNDA:1,_interopRequireWildcard
FNDA:1,(anonymous_4)
FNDA:1,(anonymous_5)
FNDA:1,(anonymous_6)
FNDA:1,(anonymous_7)
FNDA:1,(anonymous_8)
FNDA:1,(anonymous_9)
FNDA:1,(anonymous_10)
FNDA:1,(anonymous_11)
FNDA:1,(anonymous_12)
FNDA:1,(anonymous_13)
FNDA:1,(anonymous_14)
FNDA:1,(anonymous_15)
FNDA:1,(anonymous_16)
FNDA:1,(anonymous_17)
FNDA:1,(anonymous_18)
FNDA:1,(anonymous_19)
FNDA:1,(anonymous_20)
FNDA:1,(anonymous_21)
FNDA:1,(anonymous_22)
DA:3,1
DA:5,1
DA:7,1
DA:9,1
DA:11,1
DA:13,1
DA:15,1
DA:17,3
DA:19,1
DA:21,11
DA:25,1
DA:27,1
DA:29,1
DA:43,1
DA:57,1
DA:58,1
DA:59,1
DA:64,1
DA:69,1
DA:74,1
DA:75,1
DA:77,1
DA:78,1
DA:80,1
DA:81,1
DA:85,1
DA:86,1
DA:87,1
DA:88,1
DA:91,1
DA:92,1
DA:93,1
DA:94,1
DA:96,1
DA:97,1
DA:98,1
DA:99,1
DA:100,1
DA:103,1
DA:104,1
DA:105,1
DA:106,1
DA:107,1
DA:110,1
DA:111,1
DA:112,1
DA:113,1
DA:114,1
DA:115,1
DA:116,1
DA:119,1
DA:120,1
DA:121,1
DA:122,1
DA:123,1
DA:124,1
DA:125,1
DA:128,1
DA:129,1
DA:130,1
DA:131,1
DA:132,1
DA:133,1
DA:134,1
LF:64
LH:64
BRDA:17,0,0,1
BRDA:17,0,1,2
BRDA:17,1,0,3
BRDA:17,1,1,3
BRDA:19,2,0,0
BRDA:19,2,1,1
BRDA:21,3,0,0
BRDA:21,3,1,1
BRDA:21,4,0,1
BRDA:21,4,1,1
BRDA:21,5,0,0
BRDA:21,5,1,1
BRDA:21,6,0,1
BRDA:21,6,1,1
BRDA:21,6,2,0
BRDA:21,7,0,0
BRDA:21,7,1,1
BRDA:21,8,0,1
BRDA:21,8,1,1
BRDA:21,9,0,1
BRDA:21,9,1,1
BRDA:21,10,0,11
BRDA:21,10,1,0
BRDA:21,11,0,11
BRDA:21,11,1,0
BRDA:21,12,0,0
BRDA:21,12,1,11
BRDA:21,13,0,11
BRDA:21,13,1,11
BRDA:21,13,2,11
BRDA:21,14,0,1
BRDA:21,14,1,0
BRF:32
BRH:23
end_of_record
TN:
SF:__tests__/integration/signup-consultant.test.js
FN:17,_getRequireWildcardCache
FN:17,(anonymous_1)
FN:19,_interopRequireWildcard
FN:21,_interopRequireDefault
FN:31,(anonymous_4)
FN:49,(anonymous_5)
FN:64,(anonymous_6)
FN:65,(anonymous_7)
FN:66,(anonymous_8)
FN:73,(anonymous_9)
FN:74,(anonymous_10)
FN:82,(anonymous_11)
FN:83,(anonymous_12)
FN:91,(anonymous_13)
FN:92,(anonymous_14)
FN:100,(anonymous_15)
FN:101,(anonymous_16)
FN:110,(anonymous_17)
FN:112,(anonymous_18)
FN:116,(anonymous_19)
FN:124,(anonymous_20)
FN:127,(anonymous_21)
FN:133,(anonymous_22)
FN:136,(anonymous_23)
FNF:24
FNH:23
FNDA:1,_getRequireWildcardCache
FNDA:0,(anonymous_1)
FNDA:1,_interopRequireWildcard
FNDA:4,_interopRequireDefault
FNDA:1,(anonymous_4)
FNDA:1,(anonymous_5)
FNDA:1,(anonymous_6)
FNDA:1,(anonymous_7)
FNDA:1,(anonymous_8)
FNDA:1,(anonymous_9)
FNDA:1,(anonymous_10)
FNDA:1,(anonymous_11)
FNDA:1,(anonymous_12)
FNDA:1,(anonymous_13)
FNDA:1,(anonymous_14)
FNDA:1,(anonymous_15)
FNDA:1,(anonymous_16)
FNDA:1,(anonymous_17)
FNDA:1,(anonymous_18)
FNDA:1,(anonymous_19)
FNDA:1,(anonymous_20)
FNDA:1,(anonymous_21)
FNDA:1,(anonymous_22)
FNDA:1,(anonymous_23)
DA:3,1
DA:5,1
DA:7,1
DA:9,1
DA:11,1
DA:13,1
DA:15,1
DA:17,1
DA:19,11
DA:21,4
DA:27,1
DA:29,1
DA:31,1
DA:32,1
DA:49,1
DA:50,1
DA:54,1
DA:55,1
DA:59,1
DA:64,1
DA:65,1
DA:66,1
DA:67,1
DA:68,1
DA:69,1
DA:70,1
DA:73,1
DA:74,1
DA:75,1
DA:76,1
DA:77,1
DA:78,1
DA:79,1
DA:82,1
DA:83,1
DA:84,1
DA:85,1
DA:86,1
DA:87,1
DA:88,1
DA:91,1
DA:92,1
DA:93,1
DA:94,1
DA:95,1
DA:96,1
DA:97,1
DA:100,1
DA:101,1
DA:102,1
DA:103,1
DA:104,1
DA:105,1
DA:106,1
DA:110,1
DA:112,1
DA:113,1
DA:117,1
DA:118,1
DA:119,1
DA:120,1
DA:121,1
DA:124,1
DA:125,1
DA:128,1
DA:129,1
DA:130,1
DA:133,1
DA:134,1
DA:137,1
DA:138,1
DA:139,1
LF:72
LH:72
BRDA:17,0,0,0
BRDA:17,0,1,1
BRDA:19,1,0,0
BRDA:19,1,1,1
BRDA:19,2,0,1
BRDA:19,2,1,1
BRDA:19,3,0,0
BRDA:19,3,1,1
BRDA:19,4,0,1
BRDA:19,4,1,1
BRDA:19,4,2,0
BRDA:19,5,0,0
BRDA:19,5,1,1
BRDA:19,6,0,1
BRDA:19,6,1,1
BRDA:19,7,0,1
BRDA:19,7,1,1
BRDA:19,8,0,11
BRDA:19,8,1,0
BRDA:19,9,0,11
BRDA:19,9,1,0
BRDA:19,10,0,0
BRDA:19,10,1,11
BRDA:19,11,0,11
BRDA:19,11,1,11
BRDA:19,11,2,11
BRDA:19,12,0,1
BRDA:19,12,1,0
BRDA:21,13,0,1
BRDA:21,13,1,3
BRDA:21,14,0,4
BRDA:21,14,1,4
BRF:32
BRH:23
end_of_record
TN:
SF:__tests__/integration/signup.test.js
FN:13,_interopRequireDefault
FN:15,_getRequireWildcardCache
FN:15,(anonymous_2)
FN:17,_interopRequireWildcard
FN:25,(anonymous_4)
FN:26,(anonymous_5)
FN:30,(anonymous_6)
FN:31,(anonymous_7)
FN:32,(anonymous_8)
FN:39,(anonymous_9)
FN:40,(anonymous_10)
FN:48,(anonymous_11)
FN:49,(anonymous_12)
FN:57,(anonymous_13)
FN:58,(anonymous_14)
FN:66,(anonymous_15)
FN:67,(anonymous_16)
FNF:17
FNH:16
FNDA:3,_interopRequireDefault
FNDA:1,_getRequireWildcardCache
FNDA:0,(anonymous_2)
FNDA:1,_interopRequireWildcard
FNDA:1,(anonymous_4)
FNDA:1,(anonymous_5)
FNDA:1,(anonymous_6)
FNDA:1,(anonymous_7)
FNDA:1,(anonymous_8)
FNDA:1,(anonymous_9)
FNDA:1,(anonymous_10)
FNDA:1,(anonymous_11)
FNDA:1,(anonymous_12)
FNDA:1,(anonymous_13)
FNDA:1,(anonymous_14)
FNDA:1,(anonymous_15)
FNDA:1,(anonymous_16)
DA:3,1
DA:5,1
DA:7,1
DA:9,1
DA:11,1
DA:13,3
DA:15,1
DA:17,11
DA:21,1
DA:23,1
DA:25,1
DA:26,1
DA:30,1
DA:31,1
DA:32,1
DA:33,1
DA:34,1
DA:35,1
DA:36,1
DA:39,1
DA:40,1
DA:41,1
DA:42,1
DA:43,1
DA:44,1
DA:45,1
DA:48,1
DA:49,1
DA:50,1
DA:51,1
DA:52,1
DA:53,1
DA:54,1
DA:57,1
DA:58,1
DA:59,1
DA:60,1
DA:61,1
DA:62,1
DA:63,1
DA:66,1
DA:67,1
DA:68,1
DA:69,1
DA:70,1
DA:71,1
DA:72,1
LF:47
LH:47
BRDA:13,0,0,1
BRDA:13,0,1,2
BRDA:13,1,0,3
BRDA:13,1,1,3
BRDA:15,2,0,0
BRDA:15,2,1,1
BRDA:17,3,0,0
BRDA:17,3,1,1
BRDA:17,4,0,1
BRDA:17,4,1,1
BRDA:17,5,0,0
BRDA:17,5,1,1
BRDA:17,6,0,1
BRDA:17,6,1,1
BRDA:17,6,2,0
BRDA:17,7,0,0
BRDA:17,7,1,1
BRDA:17,8,0,1
BRDA:17,8,1,1
BRDA:17,9,0,1
BRDA:17,9,1,1
BRDA:17,10,0,11
BRDA:17,10,1,0
BRDA:17,11,0,11
BRDA:17,11,1,0
BRDA:17,12,0,0
BRDA:17,12,1,11
BRDA:17,13,0,11
BRDA:17,13,1,11
BRDA:17,13,2,11
BRDA:17,14,0,1
BRDA:17,14,1,0
BRF:32
BRH:23
end_of_record
TN:
SF:__tests__/integration/socket.test.js
FN:17,_interopRequireDefault
FN:19,_getRequireWildcardCache
FN:19,(anonymous_2)
FN:21,_interopRequireWildcard
FN:65,(anonymous_4)
FN:67,(anonymous_5)
FN:73,(anonymous_6)
FN:76,(anonymous_7)
FN:79,(anonymous_8)
FN:83,(anonymous_9)
FN:88,(anonymous_10)
FN:89,(anonymous_11)
FN:91,(anonymous_12)
FN:96,(anonymous_13)
FNF:14
FNH:11
FNDA:3,_interopRequireDefault
FNDA:1,_getRequireWildcardCache
FNDA:0,(anonymous_2)
FNDA:1,_interopRequireWildcard
FNDA:1,(anonymous_4)
FNDA:1,(anonymous_5)
FNDA:1,(anonymous_6)
FNDA:1,(anonymous_7)
FNDA:1,(anonymous_8)
FNDA:1,(anonymous_9)
FNDA:1,(anonymous_10)
FNDA:1,(anonymous_11)
FNDA:0,(anonymous_12)
FNDA:0,(anonymous_13)
DA:3,1
DA:5,1
DA:7,1
DA:9,1
DA:11,1
DA:13,1
DA:15,1
DA:17,3
DA:19,1
DA:21,11
DA:23,1
DA:25,1
DA:28,1
DA:31,1
DA:33,1
DA:35,1
DA:51,1
DA:65,1
DA:66,1
DA:67,1
DA:68,1
DA:73,1
DA:74,1
DA:76,1
DA:77,1
DA:79,1
DA:80,1
DA:84,1
DA:85,1
DA:88,1
DA:89,1
DA:90,1
DA:91,1
DA:92,0
DA:93,0
DA:96,1
DA:97,0
DA:101,1
LF:38
LH:35
BRDA:17,0,0,1
BRDA:17,0,1,2
BRDA:17,1,0,3
BRDA:17,1,1,3
BRDA:19,2,0,0
BRDA:19,2,1,1
BRDA:21,3,0,0
BRDA:21,3,1,1
BRDA:21,4,0,1
BRDA:21,4,1,1
BRDA:21,5,0,0
BRDA:21,5,1,1
BRDA:21,6,0,1
BRDA:21,6,1,1
BRDA:21,6,2,0
BRDA:21,7,0,0
BRDA:21,7,1,1
BRDA:21,8,0,1
BRDA:21,8,1,1
BRDA:21,9,0,1
BRDA:21,9,1,1
BRDA:21,10,0,11
BRDA:21,10,1,0
BRDA:21,11,0,11
BRDA:21,11,1,0
BRDA:21,12,0,0
BRDA:21,12,1,11
BRDA:21,13,0,11
BRDA:21,13,1,11
BRDA:21,13,2,11
BRDA:21,14,0,1
BRDA:21,14,1,0
BRF:32
BRH:23
end_of_record
TN:
SF:__tests__/unit/dateChecker.test.js
FN:7,(anonymous_0)
FN:9,(anonymous_1)
FNF:2
FNH:2
FNDA:1,(anonymous_0)
FNDA:1,(anonymous_1)
DA:3,1
DA:5,1
DA:7,1
DA:8,1
DA:9,1
DA:10,1
DA:11,1
DA:12,1
LF:8
LH:8
BRF:0
BRH:0
end_of_record
TN:
SF:__tests__/unit/mailer.test.js
FN:9,_interopRequireDefault
FN:20,(anonymous_1)
FN:21,(anonymous_2)
FN:22,(anonymous_3)
FNF:4
FNH:4
FNDA:2,_interopRequireDefault
FNDA:1,(anonymous_1)
FNDA:1,(anonymous_2)
FNDA:1,(anonymous_3)
DA:3,1
DA:5,1
DA:7,1
DA:9,2
DA:14,1
DA:16,1
DA:20,1
DA:21,1
DA:22,1
DA:23,1
DA:24,0
DA:27,1
DA:29,1
LF:13
LH:12
BRDA:9,0,0,0
BRDA:9,0,1,2
BRDA:9,1,0,2
BRDA:9,1,1,2
BRDA:23,2,0,0
BRDA:23,2,1,1
BRF:6
BRH:4
end_of_record
TN:
SF:__tests__/unit/process-token.test.js
FN:11,_interopRequireDefault
FN:13,_getRequireWildcardCache
FN:13,(anonymous_2)
FN:15,_interopRequireWildcard
FN:19,(anonymous_4)
FN:25,(anonymous_5)
FN:29,(anonymous_6)
FNF:7
FNH:6
FNDA:1,_interopRequireDefault
FNDA:1,_getRequireWildcardCache
FNDA:0,(anonymous_2)
FNDA:1,_interopRequireWildcard
FNDA:1,(anonymous_4)
FNDA:1,(anonymous_5)
FNDA:1,(anonymous_6)
DA:3,1
DA:5,1
DA:7,1
DA:9,1
DA:11,1
DA:13,1
DA:15,11
DA:17,1
DA:19,1
DA:20,1
DA:21,1
DA:24,1
DA:25,1
DA:26,1
DA:27,1
DA:29,1
DA:30,1
DA:31,1
DA:32,1
LF:19
LH:19
BRDA:11,0,0,0
BRDA:11,0,1,1
BRDA:11,1,0,1
BRDA:11,1,1,1
BRDA:13,2,0,0
BRDA:13,2,1,1
BRDA:15,3,0,0
BRDA:15,3,1,1
BRDA:15,4,0,1
BRDA:15,4,1,1
BRDA:15,5,0,0
BRDA:15,5,1,1
BRDA:15,6,0,1
BRDA:15,6,1,1
BRDA:15,6,2,0
BRDA:15,7,0,0
BRDA:15,7,1,1
BRDA:15,8,0,1
BRDA:15,8,1,1
BRDA:15,9,0,1
BRDA:15,9,1,1
BRDA:15,10,0,11
BRDA:15,10,1,0
BRDA:15,11,0,11
BRDA:15,11,1,0
BRDA:15,12,0,0
BRDA:15,12,1,11
BRDA:15,13,0,11
BRDA:15,13,1,11
BRDA:15,13,2,11
BRDA:15,14,0,1
BRDA:15,14,1,0
BRF:32
BRH:22
end_of_record
TN:
SF:__tests__/unit/server.test.js
FN:11,_interopRequireDefault
FN:13,_getRequireWildcardCache
FN:13,(anonymous_2)
FN:15,_interopRequireWildcard
FN:19,(anonymous_4)
FN:20,(anonymous_5)
FN:21,(anonymous_6)
FN:29,(anonymous_7)
FN:30,(anonymous_8)
FN:38,(anonymous_9)
FN:39,(anonymous_10)
FN:47,(anonymous_11)
FN:48,(anonymous_12)
FN:56,(anonymous_13)
FN:57,(anonymous_14)
FNF:15
FNH:14
FNDA:2,_interopRequireDefault
FNDA:1,_getRequireWildcardCache
FNDA:0,(anonymous_2)
FNDA:1,_interopRequireWildcard
FNDA:1,(anonymous_4)
FNDA:1,(anonymous_5)
FNDA:1,(anonymous_6)
FNDA:1,(anonymous_7)
FNDA:1,(anonymous_8)
FNDA:1,(anonymous_9)
FNDA:1,(anonymous_10)
FNDA:1,(anonymous_11)
FNDA:1,(anonymous_12)
FNDA:1,(anonymous_13)
FNDA:1,(anonymous_14)
DA:3,1
DA:5,1
DA:7,1
DA:9,1
DA:11,2
DA:13,1
DA:15,10
DA:17,1
DA:19,1
DA:20,1
DA:21,1
DA:22,1
DA:23,1
DA:24,1
DA:25,1
DA:26,1
DA:29,1
DA:30,1
DA:31,1
DA:32,1
DA:33,1
DA:34,1
DA:35,1
DA:38,1
DA:39,1
DA:40,1
DA:41,1
DA:42,1
DA:43,1
DA:44,1
DA:47,1
DA:48,1
DA:49,1
DA:50,1
DA:51,1
DA:52,1
DA:53,1
DA:56,1
DA:57,1
DA:58,1
DA:59,1
DA:60,1
DA:61,1
DA:62,1
LF:44
LH:44
BRDA:11,0,0,1
BRDA:11,0,1,1
BRDA:11,1,0,2
BRDA:11,1,1,2
BRDA:13,2,0,0
BRDA:13,2,1,1
BRDA:15,3,0,0
BRDA:15,3,1,1
BRDA:15,4,0,1
BRDA:15,4,1,1
BRDA:15,5,0,0
BRDA:15,5,1,1
BRDA:15,6,0,1
BRDA:15,6,1,1
BRDA:15,6,2,0
BRDA:15,7,0,0
BRDA:15,7,1,1
BRDA:15,8,0,1
BRDA:15,8,1,1
BRDA:15,9,0,1
BRDA:15,9,1,1
BRDA:15,10,0,10
BRDA:15,10,1,0
BRDA:15,11,0,10
BRDA:15,11,1,0
BRDA:15,12,0,0
BRDA:15,12,1,10
BRDA:15,13,0,10
BRDA:15,13,1,10
BRDA:15,13,2,10
BRDA:15,14,0,1
BRDA:15,14,1,0
BRF:32
BRH:23
end_of_record
TN:
SF:src/app.js
FN:14,_interopRequireDefault
FNF:1
FNH:1
FNDA:3,_interopRequireDefault
DA:3,1
DA:6,1
DA:8,1
DA:10,1
DA:12,1
DA:14,3
DA:16,1
DA:17,1
DA:18,1
DA:19,1
DA:20,1
DA:21,1
LF:12
LH:12
BRDA:14,0,0,1
BRDA:14,0,1,2
BRDA:14,1,0,3
BRDA:14,1,1,3
BRF:4
BRH:4
end_of_record
TN:
SF:src/index.js
FN:16,_interopRequireDefault
FN:24,(anonymous_1)
FNF:2
FNH:2
FNDA:4,_interopRequireDefault
FNDA:1,(anonymous_1)
DA:3,1
DA:6,1
DA:8,1
DA:10,1
DA:12,1
DA:14,1
DA:16,4
DA:18,1
DA:20,1
DA:22,1
DA:23,1
DA:24,1
DA:25,1
DA:27,1
DA:28,1
LF:15
LH:15
BRDA:16,0,0,2
BRDA:16,0,1,2
BRDA:16,1,0,4
BRDA:16,1,1,4
BRDA:18,2,0,1
BRDA:18,2,1,1
BRF:6
BRH:6
end_of_record
TN:
SF:src/config/cloudinaryconfig.js
FN:5,_interopRequireDefault
FNF:1
FNH:1
FNDA:1,_interopRequireDefault
DA:3,1
DA:5,1
DA:7,1
DA:9,1
DA:11,1
LF:5
LH:5
BRDA:5,0,0,0
BRDA:5,0,1,1
BRDA:5,1,0,1
BRDA:5,1,1,1
BRF:4
BRH:3
end_of_record
TN:
SF:src/config/config.js
FNF:0
FNH:0
DA:3,4
DA:6,4
DA:7,4
LF:3
LH:3
BRF:0
BRH:0
end_of_record
TN:
SF:src/config/nodemailer-config.js
FN:12,_interopRequireDefault
FNF:1
FNH:1
FNDA:2,_interopRequireDefault
DA:3,1
DA:6,1
DA:8,1
DA:10,1
DA:12,2
DA:14,1
DA:16,1
DA:26,1
DA:27,1
DA:34,1
DA:36,1
DA:38,1
DA:40,1
DA:42,1
LF:14
LH:14
BRDA:12,0,0,0
BRDA:12,0,1,2
BRDA:12,1,0,2
BRDA:12,1,1,2
BRF:4
BRH:3
end_of_record
TN:
SF:src/controllers/AuthController.js
FN:20,_interopRequireDefault
FN:27,(anonymous_1)
FN:49,(anonymous_2)
FN:76,(anonymous_3)
FN:119,(anonymous_4)
FN:166,(anonymous_5)
FN:199,(anonymous_6)
FN:236,(anonymous_7)
FNF:8
FNH:7
FNDA:2,_interopRequireDefault
FNDA:9,(anonymous_1)
FNDA:11,(anonymous_2)
FNDA:1,(anonymous_3)
FNDA:1,(anonymous_4)
FNDA:1,(anonymous_5)
FNDA:0,(anonymous_6)
FNDA:2,(anonymous_7)
DA:3,1
DA:6,1
DA:8,1
DA:10,1
DA:12,1
DA:14,1
DA:16,1
DA:18,1
DA:20,2
DA:25,1
DA:27,1
DA:35,9
DA:36,9
DA:48,1
DA:50,11
DA:55,11
DA:56,11
DA:65,11
DA:66,10
DA:67,10
DA:68,9
DA:69,9
DA:70,9
DA:72,0
DA:77,1
DA:87,1
DA:90,1
DA:91,1
DA:93,1
DA:94,1
DA:105,1
DA:106,1
DA:109,1
DA:110,1
DA:112,0
DA:115,0
DA:120,1
DA:121,0
DA:124,1
DA:132,1
DA:133,1
DA:135,1
DA:136,1
DA:144,1
DA:145,1
DA:148,1
DA:151,1
DA:152,1
DA:153,1
DA:154,1
DA:155,1
DA:156,1
DA:157,1
DA:159,0
DA:162,0
DA:167,1
DA:172,1
DA:174,1
DA:175,0
DA:177,0
DA:182,0
DA:183,0
DA:185,0
DA:192,0
DA:194,1
DA:195,1
DA:202,0
DA:211,0
DA:212,0
DA:213,0
DA:218,0
DA:219,0
DA:229,0
DA:231,0
DA:232,0
DA:237,2
DA:241,2
DA:244,2
DA:245,2
DA:247,1
DA:252,1
DA:253,1
DA:258,1
DA:260,1
DA:263,1
DA:265,0
DA:266,0
DA:271,1
DA:272,1
LF:89
LH:66
BRDA:20,0,0,1
BRDA:20,0,1,1
BRDA:20,1,0,2
BRDA:20,1,1,2
BRDA:56,2,0,11
BRDA:56,2,1,0
BRDA:65,3,0,1
BRDA:65,3,1,10
BRDA:67,4,0,1
BRDA:67,4,1,9
BRDA:68,5,0,0
BRDA:68,5,1,9
BRDA:120,6,0,0
BRDA:120,6,1,1
BRDA:120,7,0,1
BRDA:120,7,1,1
BRDA:175,8,0,0
BRDA:175,8,1,0
BRDA:182,9,0,0
BRDA:182,9,1,0
BRDA:183,10,0,0
BRDA:183,10,1,0
BRDA:218,11,0,0
BRDA:218,11,1,0
BRDA:222,12,0,0
BRDA:222,12,1,0
BRDA:223,13,0,0
BRDA:223,13,1,0
BRDA:245,14,0,1
BRDA:245,14,1,1
BRDA:252,15,0,0
BRDA:252,15,1,1
BRDA:258,16,0,0
BRDA:258,16,1,1
BRF:34
BRH:17
end_of_record
TN:
SF:src/controllers/PatientsController.js
FN:14,_interopRequireDefault
FN:20,(anonymous_1)
FN:40,(anonymous_2)
FN:78,(anonymous_3)
FNF:4
FNH:3
FNDA:1,_interopRequireDefault
FNDA:0,(anonymous_1)
FNDA:4,(anonymous_2)
FNDA:1,(anonymous_3)
DA:3,1
DA:6,1
DA:8,1
DA:10,1
DA:12,1
DA:14,1
DA:18,1
DA:19,1
DA:21,0
DA:24,0
DA:25,0
DA:33,0
DA:34,0
DA:36,0
DA:41,4
DA:52,4
DA:53,4
DA:66,4
DA:67,4
DA:72,2
DA:74,2
DA:79,1
DA:80,1
DA:88,1
DA:89,1
DA:91,0
DA:96,1
DA:97,1
LF:28
LH:21
BRDA:14,0,0,0
BRDA:14,0,1,1
BRDA:14,1,0,1
BRDA:14,1,1,1
BRDA:33,2,0,0
BRDA:33,2,1,0
BRDA:88,3,0,0
BRDA:88,3,1,1
BRF:8
BRH:4
end_of_record
TN:
SF:src/controllers/consultantController.js
FN:14,_interopRequireDefault
FN:22,(anonymous_1)
FN:46,(anonymous_2)
FN:84,(anonymous_3)
FN:105,(anonymous_4)
FN:113,(anonymous_5)
FN:125,(anonymous_6)
FNF:7
FNH:6
FNDA:1,_interopRequireDefault
FNDA:4,(anonymous_1)
FNDA:0,(anonymous_2)
FNDA:1,(anonymous_3)
FNDA:1,(anonymous_4)
FNDA:2,(anonymous_5)
FNDA:1,(anonymous_6)
DA:3,1
DA:6,1
DA:8,1
DA:10,1
DA:12,1
DA:14,1
DA:20,1
DA:21,1
DA:23,4
DA:26,4
DA:27,4
DA:39,4
DA:40,4
DA:42,0
DA:47,0
DA:58,0
DA:59,0
DA:72,0
DA:73,0
DA:78,0
DA:80,0
DA:85,1
DA:86,1
DA:98,1
DA:99,1
DA:101,0
DA:106,1
DA:109,1
DA:112,1
DA:113,2
DA:117,1
DA:118,1
DA:120,0
DA:126,1
DA:129,1
DA:130,1
DA:135,1
DA:137,0
DA:142,1
DA:143,1
LF:40
LH:29
BRDA:14,0,0,0
BRDA:14,0,1,1
BRDA:14,1,0,1
BRDA:14,1,1,1
BRDA:39,2,0,0
BRDA:39,2,1,4
BRDA:98,3,0,0
BRDA:98,3,1,1
BRF:8
BRH:5
end_of_record
TN:
SF:src/database/input-validator/auth.js
FN:10,_interopRequireDefault
FN:16,(anonymous_1)
FN:25,(anonymous_2)
FN:34,(anonymous_3)
FNF:4
FNH:4
FNDA:1,_interopRequireDefault
FNDA:16,(anonymous_1)
FNDA:16,(anonymous_2)
FNDA:6,(anonymous_3)
DA:3,1
DA:6,1
DA:8,1
DA:10,1
DA:14,1
DA:16,1
DA:17,16
DA:22,16
DA:25,1
DA:26,16
DA:31,16
DA:34,1
DA:35,6
DA:41,6
DA:44,1
DA:49,1
LF:16
LH:16
BRDA:10,0,0,0
BRDA:10,0,1,1
BRDA:10,1,0,1
BRDA:10,1,1,1
BRF:4
BRH:3
end_of_record
TN:
SF:src/database/migrations/20200506192302-create-user-table.js
FN:4,(anonymous_0)
FN:78,(anonymous_1)
FNF:2
FNH:2
FNDA:1,(anonymous_0)
FNDA:1,(anonymous_1)
DA:3,2
DA:4,1
DA:78,1
LF:3
LH:3
BRF:0
BRH:0
end_of_record
TN:
SF:src/database/migrations/20200516230350-create-chat-table.js
FN:4,(anonymous_0)
FN:45,(anonymous_1)
FNF:2
FNH:2
FNDA:1,(anonymous_0)
FNDA:1,(anonymous_1)
DA:3,2
DA:4,1
DA:45,1
LF:3
LH:3
BRF:0
BRH:0
end_of_record
TN:
SF:src/database/migrations/20200516234225-create-connection-table.js
FN:4,(anonymous_0)
FN:29,(anonymous_1)
FNF:2
FNH:2
FNDA:1,(anonymous_0)
FNDA:1,(anonymous_1)
DA:3,2
DA:4,1
DA:29,1
LF:3
LH:3
BRF:0
BRH:0
end_of_record
TN:
SF:src/database/migrations/20200520204856-create-available-time-table.js
FN:4,(anonymous_0)
FN:29,(anonymous_1)
FNF:2
FNH:2
FNDA:1,(anonymous_0)
FNDA:1,(anonymous_1)
DA:3,2
DA:4,1
DA:29,1
LF:3
LH:3
BRF:0
BRH:0
end_of_record
TN:
SF:src/database/migrations/create-consultant-table.js
FN:4,(anonymous_0)
FN:35,(anonymous_1)
FNF:2
FNH:2
FNDA:1,(anonymous_0)
FNDA:1,(anonymous_1)
DA:3,2
DA:4,1
DA:35,1
LF:3
LH:3
BRF:0
BRH:0
end_of_record
TN:
SF:src/database/seeders/20200506205129-demo-user.js
FN:12,(anonymous_0)
FN:69,(anonymous_1)
FNF:2
FNH:1
FNDA:1,(anonymous_0)
FNDA:0,(anonymous_1)
DA:3,1
DA:6,1
DA:8,1
DA:11,1
DA:13,1
DA:62,1
DA:69,0
DA:71,1
LF:8
LH:7
BRF:0
BRH:0
end_of_record
TN:
SF:src/database/seeders/demo-consultant.js
FN:8,(anonymous_0)
FN:29,(anonymous_1)
FNF:2
FNH:1
FNDA:1,(anonymous_0)
FNDA:0,(anonymous_1)
DA:3,1
DA:6,1
DA:7,1
DA:9,1
DA:26,1
DA:29,0
DA:31,1
LF:7
LH:6
BRF:0
BRH:0
end_of_record
TN:
SF:src/middlewares/Auth.js
FN:14,_interopRequireDefault
FN:20,(anonymous_1)
FNF:2
FNH:2
FNDA:1,_interopRequireDefault
FNDA:4,(anonymous_1)
DA:3,1
DA:6,1
DA:8,1
DA:10,1
DA:12,1
DA:14,1
DA:18,1
DA:20,1
DA:21,4
DA:22,4
DA:23,4
DA:26,4
DA:27,4
DA:32,4
DA:34,4
DA:35,4
DA:36,4
DA:38,0
DA:39,0
DA:43,1
LF:20
LH:18
BRDA:14,0,0,0
BRDA:14,0,1,1
BRDA:14,1,0,1
BRDA:14,1,1,1
BRDA:22,2,0,0
BRDA:22,2,1,4
BRDA:23,3,0,4
BRDA:23,3,1,0
BRDA:32,4,0,0
BRDA:32,4,1,4
BRDA:38,5,0,0
BRDA:38,5,1,0
BRF:12
BRH:6
end_of_record
TN:
SF:src/middlewares/SocketAuth.js
FN:12,_interopRequireDefault
FN:18,(anonymous_1)
FNF:2
FNH:1
FNDA:1,_interopRequireDefault
FNDA:0,(anonymous_1)
DA:3,1
DA:6,1
DA:8,1
DA:10,1
DA:12,1
DA:16,1
DA:18,1
DA:19,0
DA:20,0
DA:25,0
DA:26,0
DA:34,0
DA:37,0
DA:40,0
DA:42,0
DA:43,0
DA:49,1
DA:50,1
LF:18
LH:9
BRDA:12,0,0,0
BRDA:12,0,1,1
BRDA:12,1,0,1
BRDA:12,1,1,1
BRDA:20,2,0,0
BRDA:20,2,1,0
BRDA:34,3,0,0
BRDA:34,3,1,0
BRF:8
BRH:3
end_of_record
TN:
SF:src/middlewares/imageUpload.js
FN:10,_interopRequireDefault
FNF:1
FNH:1
FNDA:1,_interopRequireDefault
DA:3,1
DA:6,1
DA:8,1
DA:10,1
DA:12,1
DA:13,1
DA:26,1
DA:27,1
LF:8
LH:8
BRDA:10,0,0,0
BRDA:10,0,1,1
BRDA:10,1,0,1
BRDA:10,1,1,1
BRF:4
BRH:3
end_of_record
TN:
SF:src/middlewares/input-validator.js
FN:16,_interopRequireDefault
FN:25,(anonymous_1)
FN:40,(anonymous_2)
FN:40,(anonymous_3)
FN:44,(anonymous_4)
FN:44,(anonymous_5)
FN:57,(anonymous_6)
FN:57,(anonymous_7)
FN:61,(anonymous_8)
FN:61,(anonymous_9)
FN:67,(anonymous_10)
FN:76,(anonymous_11)
FN:92,(anonymous_12)
FN:102,(anonymous_13)
FN:109,(anonymous_14)
FN:111,(anonymous_15)
FN:112,(anonymous_16)
FN:119,(anonymous_17)
FN:120,(anonymous_18)
FNF:19
FNH:16
FNDA:1,_interopRequireDefault
FNDA:4,(anonymous_1)
FNDA:5,(anonymous_2)
FNDA:5,(anonymous_3)
FNDA:5,(anonymous_4)
FNDA:5,(anonymous_5)
FNDA:5,(anonymous_6)
FNDA:5,(anonymous_7)
FNDA:5,(anonymous_8)
FNDA:5,(anonymous_9)
FNDA:7,(anonymous_10)
FNDA:10,(anonymous_11)
FNDA:6,(anonymous_12)
FNDA:6,(anonymous_13)
FNDA:0,(anonymous_14)
FNDA:6,(anonymous_15)
FNDA:6,(anonymous_16)
FNDA:0,(anonymous_17)
FNDA:0,(anonymous_18)
DA:3,1
DA:6,1
DA:8,1
DA:10,1
DA:12,1
DA:14,1
DA:16,1
DA:23,1
DA:25,4
DA:32,1
DA:40,5
DA:41,5
DA:42,1
DA:44,5
DA:45,5
DA:46,1
DA:49,1
DA:57,5
DA:58,5
DA:59,1
DA:61,5
DA:62,5
DA:63,1
DA:66,1
DA:67,1
DA:68,7
DA:70,6
DA:71,0
DA:74,6
DA:76,1
DA:77,10
DA:79,8
DA:80,0
DA:83,8
DA:92,1
DA:96,6
DA:99,6
DA:100,6
DA:102,6
DA:103,6
DA:105,6
DA:106,2
DA:107,2
DA:109,0
DA:111,6
DA:112,6
DA:113,6
DA:114,2
DA:115,2
DA:118,4
DA:119,0
DA:120,0
DA:123,1
DA:124,1
LF:54
LH:49
BRDA:16,0,0,1
BRDA:16,0,1,0
BRDA:16,1,0,1
BRDA:16,1,1,1
BRDA:41,2,0,1
BRDA:41,2,1,4
BRDA:45,3,0,1
BRDA:45,3,1,4
BRDA:58,4,0,1
BRDA:58,4,1,4
BRDA:62,5,0,1
BRDA:62,5,1,4
BRDA:70,6,0,0
BRDA:70,6,1,6
BRDA:79,7,0,0
BRDA:79,7,1,8
BRDA:105,8,0,2
BRDA:105,8,1,4
BRDA:105,9,0,6
BRDA:105,9,1,2
BRDA:113,10,0,2
BRDA:113,10,1,4
BRDA:113,11,0,6
BRDA:113,11,1,2
BRF:24
BRH:21
end_of_record
TN:
SF:src/middlewares/role.js
FN:10,(anonymous_0)
FNF:1
FNH:1
FNDA:1,(anonymous_0)
DA:3,1
DA:6,1
DA:8,1
DA:10,1
DA:13,1
DA:14,1
DA:17,1
DA:18,1
LF:8
LH:8
BRDA:14,0,0,1
BRDA:14,0,1,0
BRF:2
BRH:1
end_of_record
TN:
SF:src/routes/auth.js
FN:24,_interopRequireDefault
FNF:1
FNH:1
FNDA:7,_interopRequireDefault
DA:3,1
DA:6,1
DA:8,1
DA:10,1
DA:12,1
DA:14,1
DA:16,1
DA:18,1
DA:20,1
DA:22,1
DA:24,7
DA:26,1
DA:28,1
DA:29,1
DA:30,1
DA:31,1
DA:32,1
DA:35,1
DA:36,1
DA:37,1
LF:20
LH:20
BRDA:24,0,0,5
BRDA:24,0,1,2
BRDA:24,1,0,7
BRDA:24,1,1,7
BRF:4
BRH:4
end_of_record
TN:
SF:src/routes/consultant.js
FN:22,_interopRequireDefault
FNF:1
FNH:1
FNDA:7,_interopRequireDefault
DA:3,1
DA:6,1
DA:8,1
DA:10,1
DA:12,1
DA:14,1
DA:16,1
DA:18,1
DA:20,1
DA:22,7
DA:24,1
DA:26,1
DA:27,1
DA:28,1
DA:29,1
DA:30,1
LF:16
LH:16
BRDA:22,0,0,6
BRDA:22,0,1,1
BRDA:22,1,0,7
BRDA:22,1,1,7
BRF:4
BRH:4
end_of_record
TN:
SF:src/routes/index.js
FN:18,_interopRequireDefault
FN:20,(anonymous_1)
FN:25,(anonymous_2)
FN:30,(anonymous_3)
FN:34,(anonymous_4)
FNF:5
FNH:4
FNDA:5,_interopRequireDefault
FNDA:1,(anonymous_1)
FNDA:1,(anonymous_2)
FNDA:6,(anonymous_3)
FNDA:0,(anonymous_4)
DA:3,1
DA:6,1
DA:8,1
DA:10,1
DA:12,1
DA:14,1
DA:16,1
DA:18,5
DA:20,1
DA:21,1
DA:22,1
DA:25,1
DA:29,1
DA:30,6
DA:34,1
DA:36,0
DA:37,0
DA:38,0
DA:45,1
LF:19
LH:16
BRDA:18,0,0,4
BRDA:18,0,1,1
BRDA:18,1,0,5
BRDA:18,1,1,5
BRDA:36,2,0,0
BRDA:36,2,1,0
BRDA:37,3,0,0
BRDA:37,3,1,0
BRF:8
BRH:4
end_of_record
TN:
SF:src/routes/patients.js
FN:18,_interopRequireDefault
FNF:1
FNH:1
FNDA:5,_interopRequireDefault
DA:3,1
DA:6,1
DA:8,1
DA:10,1
DA:12,1
DA:14,1
DA:16,1
DA:18,5
DA:20,1
DA:22,1
DA:23,1
DA:24,1
LF:12
LH:12
BRDA:18,0,0,4
BRDA:18,0,1,1
BRDA:18,1,0,5
BRDA:18,1,1,5
BRF:4
BRH:4
end_of_record
TN:
SF:src/routes/profile.js
FN:22,_interopRequireDefault
FN:30,(anonymous_1)
FN:37,(anonymous_2)
FNF:3
FNH:3
FNDA:6,_interopRequireDefault
FNDA:4,(anonymous_1)
FNDA:4,(anonymous_2)
DA:3,1
DA:6,1
DA:8,1
DA:10,1
DA:12,1
DA:14,1
DA:16,1
DA:18,1
DA:20,1
DA:22,6
DA:26,1
DA:28,1
DA:30,1
DA:33,4
DA:34,4
DA:35,4
DA:37,1
DA:40,4
DA:41,4
DA:42,4
DA:44,1
DA:45,1
LF:22
LH:22
BRDA:22,0,0,5
BRDA:22,0,1,1
BRDA:22,1,0,6
BRDA:22,1,1,6
BRDA:35,2,0,0
BRDA:35,2,1,4
BRDA:42,3,0,4
BRDA:42,3,1,0
BRF:8
BRH:6
end_of_record
TN:
SF:src/services/emailsender.js
FN:14,_interopRequireDefault
FN:21,(anonymous_1)
FN:76,(anonymous_2)
FN:85,(anonymous_3)
FN:85,(anonymous_4)
FN:96,(anonymous_5)
FN:105,(anonymous_6)
FN:116,(anonymous_7)
FN:124,(anonymous_8)
FN:136,(anonymous_9)
FN:144,(anonymous_10)
FNF:11
FNH:4
FNDA:2,_interopRequireDefault
FNDA:2,(anonymous_1)
FNDA:2,(anonymous_2)
FNDA:2,(anonymous_3)
FNDA:0,(anonymous_4)
FNDA:0,(anonymous_5)
FNDA:0,(anonymous_6)
FNDA:0,(anonymous_7)
FNDA:0,(anonymous_8)
FNDA:0,(anonymous_9)
FNDA:0,(anonymous_10)
DA:3,1
DA:6,1
DA:8,1
DA:10,1
DA:12,1
DA:14,2
DA:17,1
DA:19,1
DA:21,2
DA:76,1
DA:77,2
DA:78,2
DA:85,2
DA:86,0
DA:88,0
DA:89,0
DA:94,1
DA:96,1
DA:97,0
DA:98,0
DA:105,0
DA:106,0
DA:107,0
DA:110,0
DA:114,1
DA:116,1
DA:117,0
DA:124,0
DA:125,0
DA:126,0
DA:129,0
DA:134,1
DA:136,1
DA:137,0
DA:144,0
DA:145,0
DA:146,0
DA:149,0
DA:153,1
LF:39
LH:20
BRDA:14,0,0,0
BRDA:14,0,1,2
BRDA:14,1,0,2
BRDA:14,1,1,2
BRDA:88,2,0,0
BRDA:88,2,1,0
BRDA:106,3,0,0
BRDA:106,3,1,0
BRDA:125,4,0,0
BRDA:125,4,1,0
BRDA:145,5,0,0
BRDA:145,5,1,0
BRF:12
BRH:3
end_of_record
TN:
SF:src/services/imageuploader.js
FN:18,_interopRequireDefault
FN:24,(anonymous_1)
FNF:2
FNH:2
FNDA:5,_interopRequireDefault
FNDA:3,(anonymous_1)
DA:3,1
DA:6,1
DA:8,1
DA:10,1
DA:12,1
DA:14,1
DA:16,1
DA:18,5
DA:20,1
DA:22,1
DA:24,1
DA:25,3
DA:27,3
DA:29,3
DA:32,3
DA:33,3
DA:36,3
DA:39,1
DA:40,1
LF:19
LH:19
BRDA:18,0,0,1
BRDA:18,0,1,4
BRDA:18,1,0,5
BRDA:18,1,1,5
BRDA:24,2,0,3
BRDA:34,3,0,0
BRDA:34,3,1,3
BRF:7
BRH:6
end_of_record
TN:
SF:src/services/socialOAuth.js
FN:9,_interopRequireDefault
FN:14,(anonymous_1)
FN:51,(anonymous_2)
FNF:3
FNH:1
FNDA:2,_interopRequireDefault
FNDA:0,(anonymous_1)
FNDA:0,(anonymous_2)
DA:3,1
DA:5,1
DA:7,1
DA:9,2
DA:11,1
DA:12,1
DA:14,1
DA:21,0
DA:22,0
DA:23,0
DA:25,0
DA:26,0
DA:29,0
DA:30,0
DA:33,0
DA:43,1
DA:51,0
LF:17
LH:8
BRDA:9,0,0,0
BRDA:9,0,1,2
BRDA:9,1,0,2
BRDA:9,1,1,2
BRDA:25,2,0,0
BRDA:25,2,1,0
BRDA:25,3,0,0
BRDA:25,3,1,0
BRDA:29,4,0,0
BRDA:29,4,1,0
BRDA:29,5,0,0
BRDA:29,5,1,0
BRF:12
BRH:3
end_of_record
TN:
SF:src/socket/connection.js
FN:10,_interopRequireDefault
FN:12,_default
FN:14,(anonymous_2)
FN:34,(anonymous_3)
FN:38,(anonymous_4)
FNF:5
FNH:1
FNDA:1,_interopRequireDefault
FNDA:0,_default
FNDA:0,(anonymous_2)
FNDA:0,(anonymous_3)
FNDA:0,(anonymous_4)
DA:3,1
DA:6,1
DA:8,1
DA:10,1
DA:14,0
DA:15,0
DA:18,0
DA:22,0
DA:23,0
DA:24,0
DA:27,0
DA:28,0
DA:29,0
DA:33,0
DA:34,0
DA:35,0
DA:38,0
DA:44,0
DA:45,0
DA:53,0
DA:59,0
DA:60,0
LF:22
LH:4
BRDA:10,0,0,1
BRDA:10,0,1,0
BRDA:10,1,0,1
BRDA:10,1,1,1
BRDA:22,2,0,0
BRDA:22,2,1,0
BRDA:27,3,0,0
BRDA:27,3,1,0
BRF:8
BRH:3
end_of_record
TN:
SF:src/socket/index.js
FN:12,_interopRequireDefault
FN:14,(anonymous_1)
FN:16,(anonymous_2)
FN:22,(anonymous_3)
FN:44,(anonymous_4)
FNF:5
FNH:2
FNDA:2,_interopRequireDefault
FNDA:1,(anonymous_1)
FNDA:0,(anonymous_2)
FNDA:0,(anonymous_3)
FNDA:0,(anonymous_4)
DA:3,1
DA:6,1
DA:8,1
DA:10,1
DA:12,2
DA:14,1
DA:15,1
DA:16,1
DA:17,0
DA:21,0
DA:22,0
DA:23,0
DA:24,0
DA:25,0
DA:26,0
DA:28,0
DA:32,0
DA:33,0
DA:35,0
DA:36,0
DA:37,0
DA:42,0
DA:44,0
DA:50,1
LF:24
LH:9
BRDA:12,0,0,2
BRDA:12,0,1,0
BRDA:12,1,0,2
BRDA:12,1,1,2
BRDA:15,2,0,1
BRDA:15,2,1,0
BRDA:32,3,0,0
BRDA:32,3,1,0
BRDA:35,4,0,0
BRDA:35,4,1,0
BRF:10
BRH:4
end_of_record
TN:
SF:src/utils/dateChecker.js
FN:3,(anonymous_0)
FNF:1
FNH:1
FNDA:1,(anonymous_0)
DA:3,1
DA:4,1
DA:5,1
DA:6,1
DA:7,1
DA:10,1
LF:6
LH:6
BRF:0
BRH:0
end_of_record
TN:
SF:src/utils/helpers.js
FN:12,_interopRequireDefault
FN:14,_getRequireWildcardCache
FN:14,(anonymous_2)
FN:16,_interopRequireWildcard
FN:28,(anonymous_4)
FN:41,(anonymous_5)
FN:52,(anonymous_6)
FN:61,(anonymous_7)
FN:87,(anonymous_8)
FN:97,(anonymous_9)
FN:117,(anonymous_10)
FNF:11
FNH:3
FNDA:1,_interopRequireDefault
FNDA:1,_getRequireWildcardCache
FNDA:0,(anonymous_2)
FNDA:1,_interopRequireWildcard
FNDA:0,(anonymous_4)
FNDA:0,(anonymous_5)
FNDA:0,(anonymous_6)
FNDA:0,(anonymous_7)
FNDA:0,(anonymous_8)
FNDA:0,(anonymous_9)
FNDA:0,(anonymous_10)
DA:3,1
DA:6,1
DA:8,1
DA:10,1
DA:12,1
DA:14,1
DA:16,138
DA:25,1
DA:26,1
DA:29,0
DA:37,0
DA:42,0
DA:48,0
DA:53,0
DA:58,0
DA:62,0
DA:83,0
DA:88,0
DA:94,0
DA:98,0
DA:106,0
DA:111,0
DA:118,0
DA:119,0
DA:123,1
DA:124,1
LF:26
LH:11
BRDA:12,0,0,0
BRDA:12,0,1,1
BRDA:12,1,0,1
BRDA:12,1,1,1
BRDA:14,2,0,0
BRDA:14,2,1,1
BRDA:16,3,0,0
BRDA:16,3,1,1
BRDA:16,4,0,1
BRDA:16,4,1,1
BRDA:16,5,0,0
BRDA:16,5,1,1
BRDA:16,6,0,1
BRDA:16,6,1,1
BRDA:16,6,2,1
BRDA:16,7,0,0
BRDA:16,7,1,1
BRDA:16,8,0,1
BRDA:16,8,1,1
BRDA:16,9,0,1
BRDA:16,9,1,1
BRDA:16,10,0,138
BRDA:16,10,1,0
BRDA:16,11,0,138
BRDA:16,11,1,0
BRDA:16,12,0,0
BRDA:16,12,1,138
BRDA:16,13,0,138
BRDA:16,13,1,138
BRDA:16,13,2,138
BRDA:16,14,0,1
BRDA:16,14,1,0
BRF:32
BRH:23
end_of_record
TN:
SF:src/utils/multer-config.js
FN:10,_interopRequireDefault
FN:17,(anonymous_1)
FNF:2
FNH:1
FNDA:1,_interopRequireDefault
FNDA:0,(anonymous_1)
DA:3,1
DA:6,1
DA:8,1
DA:10,1
DA:12,1
DA:18,0
DA:19,0
DA:22,0
DA:27,1
LF:9
LH:6
BRDA:10,0,0,0
BRDA:10,0,1,1
BRDA:10,1,0,1
BRDA:10,1,1,1
BRDA:18,2,0,0
BRDA:18,2,1,0
BRF:6
BRH:3
end_of_record
TN:
SF:src/utils/passwordHash.js
FN:10,_interopRequireDefault
FN:16,(anonymous_1)
FN:26,(anonymous_2)
FNF:3
FNH:3
FNDA:2,_interopRequireDefault
FNDA:16,(anonymous_1)
FNDA:10,(anonymous_2)
DA:3,2
DA:6,2
DA:8,2
DA:10,2
DA:16,16
DA:24,2
DA:26,10
DA:28,2
LF:8
LH:8
BRDA:10,0,0,0
BRDA:10,0,1,2
BRDA:10,1,0,2
BRDA:10,1,1,2
BRF:4
BRH:3
end_of_record
TN:
SF:src/utils/processToken.js
FN:12,_interopRequireDefault
FN:19,(anonymous_1)
FN:31,(anonymous_2)
FNF:3
FNH:3
FNDA:1,_interopRequireDefault
FNDA:12,(anonymous_1)
FNDA:45,(anonymous_2)
DA:3,1
DA:6,1
DA:8,1
DA:10,1
DA:12,1
DA:19,12
DA:29,1
DA:31,45
DA:36,1
LF:9
LH:9
BRDA:12,0,0,0
BRDA:12,0,1,1
BRDA:12,1,0,1
BRDA:12,1,1,1
BRF:4
BRH:3
end_of_record
TN:
SF:src/utils/sendResponse.js
FN:8,(anonymous_0)
FN:15,(anonymous_1)
FNF:2
FNH:2
FNDA:23,(anonymous_0)
FNDA:22,(anonymous_1)
DA:3,1
DA:6,1
DA:8,23
DA:13,1
DA:15,22
DA:20,1
LF:6
LH:6
BRF:0
BRH:0
end_of_record
TN:
SF:src/utils/validateRequest.js
FN:12,(anonymous_0)
FNF:1
FNH:1
FNDA:38,(anonymous_0)
DA:3,1
DA:6,1
DA:8,1
DA:10,1
DA:12,1
DA:13,38
DA:14,38
DA:15,38
DA:18,1
DA:19,1
LF:10
LH:10
BRDA:15,0,0,25
BRDA:15,0,1,13
BRF:2
BRH:2
end_of_record
